  glad.c
  main.cpp
C:\Users\Jakub\Desktop\Labirynt-3D-Projekt\source\Labirynt3D-Projekt\Labirynt3D-Projekt\src\shader.h(44,40): warning C4101: "e": lokalna zmienna, do której nie istnieje odwołanie
C:\Users\Jakub\Desktop\Labirynt-3D-Projekt\source\Labirynt3D-Projekt\Labirynt3D-Projekt\src\camera.h(84,22): warning C4244: "inicjowanie": konwersja z "double" do "float", możliwa utrata danych
C:\Users\Jakub\Desktop\Labirynt-3D-Projekt\source\Labirynt3D-Projekt\Labirynt3D-Projekt\src\camera.h(85,22): warning C4244: "inicjowanie": konwersja z "double" do "float", możliwa utrata danych
C:\Users\Jakub\Desktop\Labirynt-3D-Projekt\source\Labirynt3D-Projekt\Labirynt3D-Projekt\src\camera.h(91,18): warning C4244: "=": konwersja z "double" do "int", możliwa utrata danych
C:\Users\Jakub\Desktop\Labirynt-3D-Projekt\source\Labirynt3D-Projekt\Labirynt3D-Projekt\src\camera.h(92,18): warning C4244: "=": konwersja z "double" do "int", możliwa utrata danych
C:\Users\Jakub\Desktop\Labirynt-3D-Projekt\source\Labirynt3D-Projekt\Labirynt3D-Projekt\src\camera.h(96,18): warning C4244: "=": konwersja z "double" do "int", możliwa utrata danych
C:\Users\Jakub\Desktop\Labirynt-3D-Projekt\source\Labirynt3D-Projekt\Labirynt3D-Projekt\src\camera.h(97,18): warning C4244: "=": konwersja z "double" do "int", możliwa utrata danych
C:\Users\Jakub\Desktop\Labirynt-3D-Projekt\source\Labirynt3D-Projekt\Labirynt3D-Projekt\src\camera.h(101,18): warning C4244: "=": konwersja z "double" do "int", możliwa utrata danych
C:\Users\Jakub\Desktop\Labirynt-3D-Projekt\source\Labirynt3D-Projekt\Labirynt3D-Projekt\src\camera.h(102,18): warning C4244: "=": konwersja z "double" do "int", możliwa utrata danych
C:\Users\Jakub\Desktop\Labirynt-3D-Projekt\source\Labirynt3D-Projekt\Labirynt3D-Projekt\src\camera.h(106,18): warning C4244: "=": konwersja z "double" do "int", możliwa utrata danych
C:\Users\Jakub\Desktop\Labirynt-3D-Projekt\source\Labirynt3D-Projekt\Labirynt3D-Projekt\src\camera.h(107,18): warning C4244: "=": konwersja z "double" do "int", możliwa utrata danych
C:\Users\Jakub\Desktop\Labirynt-3D-Projekt\source\Labirynt3D-Projekt\Labirynt3D-Projekt\src\main.cpp(256,28): warning C4244: "inicjowanie": konwersja z "double" do "float", możliwa utrata danych
C:\Users\Jakub\Desktop\Labirynt-3D-Projekt\source\Labirynt3D-Projekt\Labirynt3D-Projekt\src\main.cpp(414,17): warning C4244: "=": konwersja z "double" do "float", możliwa utrata danych
C:\Users\Jakub\Desktop\Labirynt-3D-Projekt\source\Labirynt3D-Projekt\Labirynt3D-Projekt\src\main.cpp(415,17): warning C4244: "=": konwersja z "double" do "float", możliwa utrata danych
C:\Users\Jakub\Desktop\Labirynt-3D-Projekt\source\Labirynt3D-Projekt\Labirynt3D-Projekt\src\main.cpp(419,19): warning C4244: "inicjowanie": konwersja z "double" do "float", możliwa utrata danych
C:\Users\Jakub\Desktop\Labirynt-3D-Projekt\source\Labirynt3D-Projekt\Labirynt3D-Projekt\src\main.cpp(420,19): warning C4244: "inicjowanie": konwersja z "double" do "float", możliwa utrata danych
C:\Users\Jakub\Desktop\Labirynt-3D-Projekt\source\Labirynt3D-Projekt\Labirynt3D-Projekt\src\main.cpp(422,13): warning C4244: "=": konwersja z "double" do "float", możliwa utrata danych
C:\Users\Jakub\Desktop\Labirynt-3D-Projekt\source\Labirynt3D-Projekt\Labirynt3D-Projekt\src\main.cpp(423,13): warning C4244: "=": konwersja z "double" do "float", możliwa utrata danych
C:\Users\Jakub\Desktop\Labirynt-3D-Projekt\source\Labirynt3D-Projekt\Labirynt3D-Projekt\src\main.cpp(430,31): warning C4244: "argument": konwersja z "double" do "float", możliwa utrata danych
C:\Users\Jakub\Desktop\Labirynt-3D-Projekt\source\Labirynt3D-Projekt\Labirynt3D-Projekt\src\main.cpp(502,11): warning C4244: "inicjowanie": konwersja z "double" do "int", możliwa utrata danych
C:\Users\Jakub\Desktop\Labirynt-3D-Projekt\source\Labirynt3D-Projekt\Labirynt3D-Projekt\src\main.cpp(503,11): warning C4244: "inicjowanie": konwersja z "double" do "int", możliwa utrata danych
LINK : warning LNK4098: domyślna biblioteka „MSVCRT” powoduje konflikt z innymi bibliotekami; użyj opcji /NODEFAULTLIB:biblioteka
  Labirynt3D-Projekt.vcxproj -> C:\Users\Jakub\Desktop\Labirynt-3D-Projekt\source\Labirynt3D-Projekt\x64\Debug\Labirynt3D-Projekt.exe
